Arguments: 
  D:\ESoft\nodejs\node.exe D:\ESoft\Yarn\bin\yarn.js

PATH: 
  D:\ESoft\Python27\;D:\ESoft\Python27\Scripts;C:\ProgramData\Oracle\Java\javapath;C:\ProgramData\Boxstarter;C:\Windows\system32;C:\Windows;C:\Windows\System32\Wbem;C:\Windows\System32\WindowsPowerShell\v1.0\;C:\ProgramData\chocolatey\bin;D:\ESoft\TortoiseSVN\bin;D:\ESoft\Git\cmd;C:\WINDOWS\system32;C:\WINDOWS;C:\WINDOWS\System32\Wbem;C:\WINDOWS\System32\WindowsPowerShell\v1.0\;C:\WINDOWS\System32\OpenSSH\;C:\Program Files (x86)\NVIDIA Corporation\PhysX\Common;C:\Program Files\NVIDIA Corporation\NVIDIA NvDLISR;D:\ESoft\flutter\bin;C:\Program Files (x86)\Microsoft SQL Server\90\Tools\binn\;%USERPROFILE%\.dnx\bin;C:\Program Files\Microsoft DNX\Dnvm\;C:\Program Files (x86)\Windows Kits\8.1\Windows Performance Toolkit\;C:\Program Files\Microsoft SQL Server\120\Tools\Binn\;C:\Program Files\Microsoft SQL Server\130\Tools\Binn\;C:\WINDOWS\system32;C:\WINDOWS;C:\WINDOWS\System32\Wbem;C:\WINDOWS\System32\WindowsPowerShell\v1.0\;C:\WINDOWS\System32\OpenSSH\;D:\ESoft\nodejs\;C:\Python27;D:\ESoft\Yarn\bin\;D:\ESoft\Borland\Delphi7\Bin;D:\ESoft\Borland\Delphi7\Projects\Bpl;D:\ESoft\CMake\bin;C:\Users\Administrator\AppData\Local\Microsoft\WindowsApps;D:\应用\Fiddler;C:\Users\Administrator\AppData\Local\Microsoft\WindowsApps;C:\Users\Administrator\AppData\Local\BypassRuntm;C:\Users\Administrator\AppData\Roaming\npm;C:\Users\Administrator\AppData\Local\Yarn\bin;F:\ESoft\VCCode\bin

Yarn version: 
  1.22.4

Node version: 
  12.16.1

Platform: 
  win32 x64

Trace: 
  Error: connect ETIMEDOUT 104.16.26.35:443
      at TCPConnectWrap.afterConnect [as oncomplete] (net.js:1137:16)

npm manifest: 
  {
    "name": "module-webpack-plugin",
    "version": "1.0.0-alpha.0",
    "main": "index.js",
    "module": "remote/index.js",
    "types": "typings.d.ts",
   "keywords": [
      "webpack",
      "plugin",
      "module",
      "module-webpack-plugin"
    ],
    "bugs": "https://github.com/gxlmyacc/module-webpack-plugin/issues",
    "homepage": "https://github.com/gxlmyacc/module-webpack-plugin",
    "repository": "https://github.com/gxlmyacc/module-webpack-plugin.git",
    "engines": {
      "node": ">=8.9"
    },
    "files": [
      "lib/",
      "index.js",
      "default_index.js",
      "typings.d.ts"
    ],
    "scripts": {
    },
    "dependencies": {
      "@babel/cli": "^7.2.3",
      "@babel/core": "^7.5.4",
      "@babel/plugin-proposal-class-properties": "^7.5.0",
      "@babel/plugin-proposal-decorators": "^7.4.4",
      "@babel/plugin-proposal-export-default-from": "^7.2.0",
      "@babel/plugin-proposal-export-namespace-from": "^7.2.0",
      "@babel/plugin-proposal-json-strings": "^7.2.0",
      "@babel/plugin-proposal-object-rest-spread": "^7.5.4",
      "@babel/plugin-syntax-dynamic-import": "^7.2.0",
      "@babel/plugin-syntax-import-meta": "^7.2.0",
      "@babel/plugin-syntax-jsx": "^7.2.0",
      "@babel/plugin-transform-arrow-functions": "^7.2.0",
      "@babel/plugin-transform-destructuring": "^7.2.0",
      "@babel/plugin-transform-modules-commonjs": "^7.2.0",
      "@babel/plugin-transform-parameters": "^7.2.0",
      "@babel/plugin-transform-runtime": "^7.5.5",
      "@babel/plugin-transform-spread": "^7.2.2",
      "@babel/plugin-transform-strict-mode": "^7.2.0",
      "@babel/preset-env": "7.4.5",
      "@babel/preset-react": "^7.0.0",
      "find-up": "^4.1.0",
      "loader-utils": "^1.2.3",
      "lodash": "^4.17.11",
      "pretty-error": "^2.1.1",
      "tapable": "^1.1.3",
      "util.promisify": "1.0.0"
    },
    "peerDependencies": {
      "webpack": "^4.0.0"
    },
     "devDependencies": {
      "@types/loader-utils": "1.1.3",
      "@types/node": "11.13.9",
      "@types/tapable": "1.0.4",
      "babel-eslint": "^10.0.2",
      "babel-loader": "^8.0.6",
      "cross-env": "^5.2.0",
      "css-loader": "2.1.1",
      "dir-compare": "1.7.2",
      "eslint": "^6.0.1",
      "eslint-config-airbnb-base": "^13.2.0",
      "eslint-config-react-app": "^5.0.1",
      "eslint-import-resolver-webpack": "^0.11.1",
      "eslint-loader": "^2.2.1",
      "eslint-plugin-flowtype": "^4.2.0",
      "eslint-plugin-import": "^2.18.0",
      "eslint-plugin-jsx-a11y": "^6.2.3",
      "eslint-plugin-react": "^7.14.3",
      "eslint-plugin-react-hooks": "^1.6.0",
      "file-loader": "^4.0.0",
      "mini-css-extract-plugin": "0.6.0",
      "typescript": "3.5.2",
      "webpack": "4.35.3",
      "webpack-recompilation-simulator": "3.0.0"
    }
  }

yarn manifest: 
  No manifest

Lockfile: 
  No lockfile
